<?xml version="1.0" encoding="UTF-8"?>
<!-- Generated by org.testng.reporters.JUnitReportReporter -->
<testsuite skipped="0" hostname="DESKTOP-OU0TTSG" name="selenium.Config" tests="1" failures="0" timestamp="28 Sep 2019 10:55:22 GMT" time="0.013" errors="0">
  <testcase name="getData" time="0.013" classname="selenium.Config"/>
</testsuite> <!-- selenium.Config -->
