<?xml version="1.0" encoding="UTF-8"?>
<!-- Generated by org.testng.reporters.JUnitReportReporter -->
<testsuite skipped="0" hostname="DESKTOP-OU0TTSG" name="selenium.HeadlessChrome" tests="1" failures="0" timestamp="28 Sep 2019 06:28:35 GMT" time="21.884" errors="0">
  <testcase name="HC" time="21.884" classname="selenium.HeadlessChrome"/>
</testsuite> <!-- selenium.HeadlessChrome -->
