<?xml version="1.0" encoding="UTF-8"?>
<!-- Generated by org.testng.reporters.JUnitReportReporter -->
<testsuite skipped="0" hostname="DESKTOP-OU0TTSG" name="test" tests="3" failures="0" timestamp="26 Sep 2019 09:15:58 GMT" time="0.027" errors="0">
  <testcase name="a" time="0.015" classname="test"/>
  <testcase name="c" time="0.008" classname="test"/>
  <testcase name="b" time="0.004" classname="test"/>
</testsuite> <!-- test -->
